parse arguments succeed !!!
180 1 144
start new network training
train encoder
batch time:  0.27834542581501104
batch time:  0.2800501588266343
batch time:  0.3244147651363164
batch time:  0.27685406648864347
epoch 0 loss:  71.08623070734205
epoch 0 time:  1.1599155681673436
batch time:  0.29319259513479967
batch time:  0.2793881814616422
batch time:  0.33840764285996555
batch time:  0.28570843196163576
epoch 1 loss:  38.443706165202926
epoch 1 time:  1.197181519679725
batch time:  0.2777793514852723
batch time:  0.3322425319813192
batch time:  0.2872421683743596
batch time:  0.27215621912231047
epoch 2 loss:  32.86873331066316
epoch 2 time:  1.1698214049916715
batch time:  0.31413108167859416
batch time:  0.2642083473969251
batch time:  0.32585388352163136
batch time:  0.2622024511452764
epoch 3 loss:  23.748197227204685
epoch 3 time:  1.166749734027932
batch time:  0.27224098923616113
batch time:  0.25918478504754605
batch time:  0.2482601875284066
batch time:  0.21363813057541847
epoch 4 loss:  15.781717528684304
epoch 4 time:  0.9937250138570864
batch time:  0.23249809769913554
batch time:  0.22509829473371307
batch time:  0.2311384075942139
batch time:  0.24494902559866508
epoch 5 loss:  13.563535574198047
epoch 5 time:  0.9341649824753404
batch time:  0.3120958142292996
batch time:  0.2724858628741155
batch time:  0.3538287396387508
batch time:  0.28279739848027624
epoch 6 loss:  13.854857952853447
epoch 6 time:  1.2216521273987988
batch time:  0.28461846330513557
batch time:  0.28306197628068425
batch time:  0.2742444881082823
batch time:  0.3194265057177593
epoch 7 loss:  8.35910777703005
epoch 7 time:  1.1618998026164868
batch time:  0.35188492393742005
batch time:  0.2666132448706776
batch time:  0.29781332053244114
batch time:  0.2948584234341979
epoch 8 loss:  6.968939895869713
epoch 8 time:  1.2116473868023605
batch time:  0.26700075074719887
batch time:  0.2687039649579674
batch time:  0.28467003415959574
batch time:  0.24450534285667042
epoch 9 loss:  4.273384952917028
epoch 9 time:  1.0654559971454243
batch time:  0.2804674707973997
batch time:  0.283200428634882
batch time:  0.31649442909595865
batch time:  0.2856914860662073
epoch 10 loss:  0.5572166867354829
epoch 10 time:  1.1662618861688923
batch time:  0.32034677993506194
batch time:  0.31835027164779606
batch time:  0.2808463704151412
batch time:  0.23567085928904513
epoch 11 loss:  -0.7670775040196243
epoch 11 time:  1.1556734287490447
batch time:  0.24212767601323623
batch time:  0.23764287006730836
batch time:  0.235237425705418
batch time:  0.21629945977280537
epoch 12 loss:  -2.686649540899817
epoch 12 time:  0.9317023024428636
batch time:  0.23079809111853442
batch time:  0.3219711436269184
batch time:  0.2953655522161474
batch time:  0.33053017266405127
epoch 13 loss:  -2.1874696557711766
epoch 13 time:  1.179186770071586
batch time:  0.37373063662089406
batch time:  0.331223809113726
batch time:  0.347998067488273
batch time:  0.27557441003931066
epoch 14 loss:  -4.588593023148948
epoch 14 time:  1.328992686079194
batch time:  0.31527614577983815
batch time:  0.28497734173821904
batch time:  0.26935754834363856
batch time:  0.25605217101983724
epoch 15 loss:  -6.175705081953407
epoch 15 time:  1.126231675874442
batch time:  0.27010250121044616
batch time:  0.36405060410810014
batch time:  0.33522639077467226
batch time:  0.31381283383816483
epoch 16 loss:  -6.796527360159802
epoch 16 time:  1.2836264475869636
batch time:  0.3602028547010074
batch time:  0.30675681463132304
batch time:  0.36244204997395474
batch time:  0.31158386591511467
epoch 17 loss:  -1.9551099382888586
epoch 17 time:  1.3413182264969994
batch time:  0.35005544270388783
batch time:  0.33163996719134353
batch time:  0.32253240429175395
batch time:  0.273446618920813
epoch 18 loss:  -7.976430021739617
epoch 18 time:  1.2781456470489503
batch time:  0.2649291492688159
batch time:  0.25361592608193556
batch time:  0.24059997682149212
batch time:  0.22839274004412194
epoch 19 loss:  -7.935360963268737
epoch 19 time:  0.9880113784379015
batch time:  0.23751163124106825
batch time:  0.23245503754975896
batch time:  0.2599608957612266
batch time:  0.31769710849039257
epoch 20 loss:  -4.716502014146238
epoch 20 time:  1.0480907501963277
batch time:  0.33354486953467133
batch time:  0.2708789832269152
batch time:  0.3172436147928238
batch time:  0.2916591779949764
epoch 21 loss:  -8.506859927722731
epoch 21 time:  1.2137155108464261
batch time:  0.3200061525062968
batch time:  0.29804327253562707
batch time:  0.35234629769499104
batch time:  0.2852033003233373
epoch 22 loss:  -8.366146183631741
epoch 22 time:  1.2560417720427115
batch time:  0.2828899688242624
batch time:  0.3112919550233831
batch time:  0.31733294677299756
batch time:  0.28227023251044253
epoch 23 loss:  -8.584048859554557
epoch 23 time:  1.194254744797945
batch time:  0.33595856682707864
batch time:  0.3146462368313223
batch time:  0.3173724420213451
batch time:  0.29615113463563225
epoch 24 loss:  -5.969576944846386
epoch 24 time:  1.264505095190058
batch time:  0.29677312218894564
batch time:  0.32277993275783956
batch time:  0.32556762125653527
batch time:  0.24529347668091456
epoch 25 loss:  -8.01641511199137
epoch 25 time:  1.1907771535683422
batch time:  0.22117588478140532
batch time:  0.23915675774527093
batch time:  0.24092277172021567
batch time:  0.19309589108452202
epoch 26 loss:  -9.075799190074026
epoch 26 time:  0.8946714804663013
batch time:  0.2422466363136967
batch time:  0.2312558720819652
batch time:  0.27717970695036154
batch time:  0.2588419935666025
epoch 27 loss:  -7.152501671957638
epoch 27 time:  1.0099386885451773
batch time:  0.2776916792461028
batch time:  0.26402136019120614
batch time:  0.2746315522895505
batch time:  0.2529196339504172
epoch 28 loss:  -8.802492461073232
epoch 28 time:  1.0696647928872456
batch time:  0.2720839160804947
batch time:  0.2786091194953769
batch time:  0.2720792558354636
batch time:  0.24711220312553148
epoch 29 loss:  -5.94053511026463
epoch 29 time:  1.0701553205028176
encode time:  34.27922357060015

Start sliding the raw time series and the corresponding class and variate label
0
X_slide shape: (3780, 86)
candidates_dim: (3780, 86)
candidates_class_label: (3780, 86)
batch number:  76
count:  0
representation_all shape: (3780, 320)
1
X_slide shape: (5400, 57)
candidates_dim: (5400, 57)
candidates_class_label: (5400, 57)
batch number:  108
count:  0
count:  100
representation_all shape: (9180, 320)
2
X_slide shape: (7200, 28)
candidates_dim: (7200, 28)
candidates_class_label: (7200, 28)
batch number:  144
count:  0
count:  100
representation_all shape: (16380, 320)
End sliding
siding time:  0.14077444043941795

* All the shapelets info:
(16380, 320)
16380
(16380,)
all subTs num: [3780, 5400, 7200]

Start clustring all the new representations...
End clustring
clustring time: 0.6508365119341761

calculate elements number in each cluster
time: 0.29157304763793945

get the nearest index
time: 0.13599467277526855

Start scoring all the candidate...
End scoring
discovery time:  0.8016059287047634
transformation time:  0.037666406870509185
classification time:  4.291359024743239e-05
svm linear Accuracy: 0.85
              precision    recall  f1-score   support

           1       0.83      0.88      0.85        90
           2       0.87      0.82      0.85        90

    accuracy                           0.85       180
   macro avg       0.85      0.85      0.85       180
weighted avg       0.85      0.85      0.85       180

All time:  35.245003941468894
