Loading data...

Training...
    Epoch: 1
        Input Module...
        Aggregation Module...
        MLP Module...
        Finish!
    Epoch: 2
        Input Module...
        Aggregation Module...
        MLP Module...
        Finish!
    Epoch: 3
        Input Module...
        Aggregation Module...
        MLP Module...
        Finish!
    Epoch: 4
        Input Module...
        Aggregation Module...
        MLP Module...
        Finish!
    Epoch: 5
        Input Module...
        Aggregation Module...
        MLP Module...
        Finish!
    Epoch: 6
        Input Module...
        Aggregation Module...
        MLP Module...
        Finish!
    Epoch: 7
        Input Module...
        Aggregation Module...
        MLP Module...
        Finish!
    Epoch: 8
        Input Module...
        Aggregation Module...
        MLP Module...
        Finish!
    Epoch: 9
        Input Module...
        Aggregation Module...
        MLP Module...
        Finish!
    Epoch: 10
        Input Module...
        Aggregation Module...
        MLP Module...
        Finish!
    Epoch: 11
        Input Module...
        Aggregation Module...
        MLP Module...
        Finish!
    Epoch: 12
        Input Module...
        Aggregation Module...
        MLP Module...
        Finish!
    Epoch: 13
        Input Module...
        Aggregation Module...
        MLP Module...
        Finish!
    Epoch: 14
        Input Module...
        Aggregation Module...
        MLP Module...
        Finish!
    Epoch: 15
        Input Module...
        Aggregation Module...
        MLP Module...
        Finish!
    Epoch: 16
        Input Module...
        Aggregation Module...
        MLP Module...
        Finish!
    Epoch: 17
        Input Module...
        Aggregation Module...
        MLP Module...
        Finish!
    Epoch: 18
        Input Module...
        Aggregation Module...
        MLP Module...
        Finish!
    Epoch: 19
        Input Module...
        Aggregation Module...
        MLP Module...
        Finish!
    Epoch: 20
        Input Module...
        Aggregation Module...
        MLP Module...
        Finish!
    Epoch: 21
        Input Module...
        Aggregation Module...
        MLP Module...
        Finish!
    Epoch: 22
        Input Module...
        Aggregation Module...
        MLP Module...
        Finish!
    Epoch: 23
        Input Module...
        Aggregation Module...
        MLP Module...
        Finish!
    Epoch: 24
        Input Module...
        Aggregation Module...
        MLP Module...
        Finish!
    Epoch: 25
        Input Module...
        Aggregation Module...
        MLP Module...
        Finish!
    Epoch: 26
        Input Module...
        Aggregation Module...
        MLP Module...
        Finish!
    Epoch: 27
        Input Module...
        Aggregation Module...
        MLP Module...
        Finish!
    Epoch: 28
        Input Module...
        Aggregation Module...
        MLP Module...
        Finish!
    Epoch: 29
        Input Module...
        Aggregation Module...
        MLP Module...
        Finish!
    Epoch: 30
        Input Module...
        Aggregation Module...
        MLP Module...
        Finish!
    Epoch: 31
        Input Module...
        Aggregation Module...
        MLP Module...
        Finish!
    Epoch: 32
        Input Module...
        Aggregation Module...
        MLP Module...
        Finish!
    Epoch: 33
        Input Module...
        Aggregation Module...
        MLP Module...
        Finish!
    Epoch: 34
        Input Module...
        Aggregation Module...
        MLP Module...
        Finish!
    Epoch: 35
        Input Module...
        Aggregation Module...
        MLP Module...
        Finish!
    Epoch: 36
        Input Module...
        Aggregation Module...
        MLP Module...
        Finish!
    Epoch: 37
        Input Module...
        Aggregation Module...
        MLP Module...
        Finish!
    Epoch: 38
        Input Module...
        Aggregation Module...
        MLP Module...
        Finish!
    Epoch: 39
        Input Module...
        Aggregation Module...
        MLP Module...
        Finish!
    Epoch: 40
        Input Module...
        Aggregation Module...
        MLP Module...
        Finish!
    Epoch: 41
        Input Module...
        Aggregation Module...
        MLP Module...
        Finish!
    Epoch: 42
        Input Module...
        Aggregation Module...
        MLP Module...
        Finish!
    Epoch: 43
        Input Module...
        Aggregation Module...
        MLP Module...
        Finish!
    Epoch: 44
        Input Module...
        Aggregation Module...
        MLP Module...
        Finish!
    Epoch: 45
        Input Module...
        Aggregation Module...
        MLP Module...
        Finish!
    Epoch: 46
        Input Module...
        Aggregation Module...
        MLP Module...
        Finish!
    Epoch: 47
        Input Module...
        Aggregation Module...
        MLP Module...
        Finish!
    Epoch: 48
        Input Module...
        Aggregation Module...
        MLP Module...
        Finish!
    Epoch: 49
        Input Module...
        Aggregation Module...
        MLP Module...
        Finish!
    Epoch: 50
        Input Module...
        Aggregation Module...
        MLP Module...
        Finish!
    Epoch: 51
        Input Module...
        Aggregation Module...
        MLP Module...
        Finish!
    Epoch: 52
        Input Module...
        Aggregation Module...
        MLP Module...
        Finish!
    Epoch: 53
        Input Module...
        Aggregation Module...
        MLP Module...
        Finish!
    Epoch: 54
        Input Module...
        Aggregation Module...
        MLP Module...
        Finish!
    Epoch: 55
        Input Module...
        Aggregation Module...
        MLP Module...
        Finish!
    Epoch: 56
        Input Module...
        Aggregation Module...
        MLP Module...
        Finish!
    Epoch: 57
        Input Module...
        Aggregation Module...
        MLP Module...
        Finish!
    Epoch: 58
        Input Module...
        Aggregation Module...
        MLP Module...
        Finish!
    Epoch: 59
        Input Module...
        Aggregation Module...
        MLP Module...
        Finish!
    Epoch: 60
        Input Module...
        Aggregation Module...
        MLP Module...
        Finish!
    Epoch: 61
        Input Module...
        Aggregation Module...
        MLP Module...
        Finish!
    Epoch: 62
        Input Module...
        Aggregation Module...
        MLP Module...
        Finish!
    Epoch: 63
        Input Module...
        Aggregation Module...
        MLP Module...
        Finish!
    Epoch: 64
        Input Module...
        Aggregation Module...
        MLP Module...
        Finish!
    Epoch: 65
        Input Module...
        Aggregation Module...
        MLP Module...
        Finish!
    Epoch: 66
        Input Module...
        Aggregation Module...
        MLP Module...
        Finish!
    Epoch: 67
        Input Module...
        Aggregation Module...
        MLP Module...
        Finish!
    Epoch: 68
        Input Module...
        Aggregation Module...
        MLP Module...
        Finish!
    Epoch: 69
        Input Module...
        Aggregation Module...
        MLP Module...
        Finish!
    Epoch: 70
        Input Module...
        Aggregation Module...
        MLP Module...
        Finish!
    Epoch: 71
        Input Module...
        Aggregation Module...
        MLP Module...
        Finish!
    Epoch: 72
        Input Module...
        Aggregation Module...
        MLP Module...
        Finish!
    Epoch: 73
        Input Module...
        Aggregation Module...
        MLP Module...
        Finish!
    Epoch: 74
        Input Module...
        Aggregation Module...
        MLP Module...
        Finish!
    Epoch: 75
        Input Module...
        Aggregation Module...
        MLP Module...
        Finish!
    Epoch: 76
        Input Module...
        Aggregation Module...
        MLP Module...
        Finish!
    Epoch: 77
        Input Module...
        Aggregation Module...
        MLP Module...
        Finish!
    Epoch: 78
        Input Module...
        Aggregation Module...
        MLP Module...
        Finish!
    Epoch: 79
        Input Module...
        Aggregation Module...
        MLP Module...
        Finish!
    Epoch: 80
        Input Module...
        Aggregation Module...
        MLP Module...
        Finish!
    Epoch: 81
        Input Module...
        Aggregation Module...
        MLP Module...
        Finish!
    Epoch: 82
        Input Module...
        Aggregation Module...
        MLP Module...
        Finish!
    Epoch: 83
        Input Module...
        Aggregation Module...
        MLP Module...
        Finish!
    Epoch: 84
        Input Module...
        Aggregation Module...
        MLP Module...
        Finish!
    Epoch: 85
        Input Module...
        Aggregation Module...
        MLP Module...
        Finish!
    Epoch: 86
        Input Module...
        Aggregation Module...
        MLP Module...
        Finish!
    Epoch: 87
        Input Module...
        Aggregation Module...
        MLP Module...
        Finish!
    Epoch: 88
        Input Module...
        Aggregation Module...
        MLP Module...
        Finish!
    Epoch: 89
        Input Module...
        Aggregation Module...
        MLP Module...
        Finish!
    Epoch: 90
        Input Module...
        Aggregation Module...
        MLP Module...
        Finish!
    Epoch: 91
        Input Module...
        Aggregation Module...
        MLP Module...
        Finish!
    Epoch: 92
        Input Module...
        Aggregation Module...
        MLP Module...
        Finish!
    Epoch: 93
        Input Module...
        Aggregation Module...
        MLP Module...
        Finish!
    Epoch: 94
        Input Module...
        Aggregation Module...
        MLP Module...
        Finish!
    Epoch: 95
        Input Module...
        Aggregation Module...
        MLP Module...
        Finish!
    Epoch: 96
        Input Module...
        Aggregation Module...
        MLP Module...
        Finish!
    Epoch: 97
        Input Module...
        Aggregation Module...
        MLP Module...
        Finish!
    Epoch: 98
        Input Module...
        Aggregation Module...
        MLP Module...
        Finish!
    Epoch: 99
        Input Module...
        Aggregation Module...
        MLP Module...
        Finish!
    Epoch: 100
        Input Module...
        Aggregation Module...
        MLP Module...
        Finish!
              precision    recall  f1-score   support

         1.0       0.87      0.86      0.86       700
         2.0       0.80      0.69      0.74       700
         3.0       0.33      0.54      0.41       700
         4.0       0.42      0.19      0.26       700
         5.0       0.35      0.27      0.31       700
         6.0       0.51      0.33      0.41       700
         7.0       0.57      0.82      0.67       700
         8.0       0.44      0.46      0.45       700
         9.0       0.40      0.32      0.36       700
        10.0       0.93      0.83      0.88       700
        11.0       0.85      0.66      0.74       700
        12.0       0.51      0.48      0.49       700
        13.0       0.71      0.66      0.68       700
        14.0       0.94      0.71      0.81       700
        15.0       0.73      0.87      0.79       700
        16.0       0.58      0.70      0.63       700
        17.0       0.85      0.91      0.88       700
        18.0       0.97      0.92      0.94       700
        19.0       0.82      0.68      0.74       700
        20.0       0.86      0.92      0.89       700
        21.0       0.78      0.92      0.84       700
        22.0       0.61      0.96      0.74       700
        23.0       0.93      0.85      0.89       700
        24.0       0.90      0.94      0.92       700

    accuracy                           0.69     16800
   macro avg       0.69      0.69      0.68     16800
weighted avg       0.69      0.69      0.68     16800


