Loading data...

Training...
    Epoch: 1
        Input Module...
        Aggregation Module...
        MLP Module...
        Finish!
    Epoch: 2
        Input Module...
        Aggregation Module...
        MLP Module...
        Finish!
    Epoch: 3
        Input Module...
        Aggregation Module...
        MLP Module...
        Finish!
    Epoch: 4
        Input Module...
        Aggregation Module...
        MLP Module...
        Finish!
    Epoch: 5
        Input Module...
        Aggregation Module...
        MLP Module...
        Finish!
    Epoch: 6
        Input Module...
        Aggregation Module...
        MLP Module...
        Finish!
    Epoch: 7
        Input Module...
        Aggregation Module...
        MLP Module...
        Finish!
    Epoch: 8
        Input Module...
        Aggregation Module...
        MLP Module...
        Finish!
    Epoch: 9
        Input Module...
        Aggregation Module...
        MLP Module...
        Finish!
    Epoch: 10
        Input Module...
        Aggregation Module...
        MLP Module...
        Finish!
    Epoch: 11
        Input Module...
        Aggregation Module...
        MLP Module...
        Finish!
    Epoch: 12
        Input Module...
        Aggregation Module...
        MLP Module...
        Finish!
    Epoch: 13
        Input Module...
        Aggregation Module...
        MLP Module...
        Finish!
    Epoch: 14
        Input Module...
        Aggregation Module...
        MLP Module...
        Finish!
    Epoch: 15
        Input Module...
        Aggregation Module...
        MLP Module...
        Finish!
    Epoch: 16
        Input Module...
        Aggregation Module...
        MLP Module...
        Finish!
    Epoch: 17
        Input Module...
        Aggregation Module...
        MLP Module...
        Finish!
    Epoch: 18
        Input Module...
        Aggregation Module...
        MLP Module...
        Finish!
    Epoch: 19
        Input Module...
        Aggregation Module...
        MLP Module...
        Finish!
    Epoch: 20
        Input Module...
        Aggregation Module...
        MLP Module...
        Finish!
    Epoch: 21
        Input Module...
        Aggregation Module...
        MLP Module...
        Finish!
    Epoch: 22
        Input Module...
        Aggregation Module...
        MLP Module...
        Finish!
    Epoch: 23
        Input Module...
        Aggregation Module...
        MLP Module...
        Finish!
    Epoch: 24
        Input Module...
        Aggregation Module...
        MLP Module...
        Finish!
    Epoch: 25
        Input Module...
        Aggregation Module...
        MLP Module...
        Finish!
    Epoch: 26
        Input Module...
        Aggregation Module...
        MLP Module...
        Finish!
    Epoch: 27
        Input Module...
        Aggregation Module...
        MLP Module...
        Finish!
    Epoch: 28
        Input Module...
        Aggregation Module...
        MLP Module...
        Finish!
    Epoch: 29
        Input Module...
        Aggregation Module...
        MLP Module...
        Finish!
    Epoch: 30
        Input Module...
        Aggregation Module...
        MLP Module...
        Finish!
    Epoch: 31
        Input Module...
        Aggregation Module...
        MLP Module...
        Finish!
    Epoch: 32
        Input Module...
        Aggregation Module...
        MLP Module...
        Finish!
    Epoch: 33
        Input Module...
        Aggregation Module...
        MLP Module...
        Finish!
    Epoch: 34
        Input Module...
        Aggregation Module...
        MLP Module...
        Finish!
    Epoch: 35
        Input Module...
        Aggregation Module...
        MLP Module...
        Finish!
    Epoch: 36
        Input Module...
        Aggregation Module...
        MLP Module...
        Finish!
    Epoch: 37
        Input Module...
        Aggregation Module...
        MLP Module...
        Finish!
    Epoch: 38
        Input Module...
        Aggregation Module...
        MLP Module...
        Finish!
    Epoch: 39
        Input Module...
        Aggregation Module...
        MLP Module...
        Finish!
    Epoch: 40
        Input Module...
        Aggregation Module...
        MLP Module...
        Finish!
    Epoch: 41
        Input Module...
        Aggregation Module...
        MLP Module...
        Finish!
    Epoch: 42
        Input Module...
        Aggregation Module...
        MLP Module...
        Finish!
    Epoch: 43
        Input Module...
        Aggregation Module...
        MLP Module...
        Finish!
    Epoch: 44
        Input Module...
        Aggregation Module...
        MLP Module...
        Finish!
    Epoch: 45
        Input Module...
        Aggregation Module...
        MLP Module...
        Finish!
    Epoch: 46
        Input Module...
        Aggregation Module...
        MLP Module...
        Finish!
    Epoch: 47
        Input Module...
        Aggregation Module...
        MLP Module...
        Finish!
    Epoch: 48
        Input Module...
        Aggregation Module...
        MLP Module...
        Finish!
    Epoch: 49
        Input Module...
        Aggregation Module...
        MLP Module...
        Finish!
    Epoch: 50
        Input Module...
        Aggregation Module...
        MLP Module...
        Finish!
    Epoch: 51
        Input Module...
        Aggregation Module...
        MLP Module...
        Finish!
    Epoch: 52
        Input Module...
        Aggregation Module...
        MLP Module...
        Finish!
    Epoch: 53
        Input Module...
        Aggregation Module...
        MLP Module...
        Finish!
    Epoch: 54
        Input Module...
        Aggregation Module...
        MLP Module...
        Finish!
    Epoch: 55
        Input Module...
        Aggregation Module...
        MLP Module...
        Finish!
    Epoch: 56
        Input Module...
        Aggregation Module...
        MLP Module...
        Finish!
    Epoch: 57
        Input Module...
        Aggregation Module...
        MLP Module...
        Finish!
    Epoch: 58
        Input Module...
        Aggregation Module...
        MLP Module...
        Finish!
    Epoch: 59
        Input Module...
        Aggregation Module...
        MLP Module...
        Finish!
    Epoch: 60
        Input Module...
        Aggregation Module...
        MLP Module...
        Finish!
    Epoch: 61
        Input Module...
        Aggregation Module...
        MLP Module...
        Finish!
    Epoch: 62
        Input Module...
        Aggregation Module...
        MLP Module...
        Finish!
    Epoch: 63
        Input Module...
        Aggregation Module...
        MLP Module...
        Finish!
    Epoch: 64
        Input Module...
        Aggregation Module...
        MLP Module...
        Finish!
    Epoch: 65
        Input Module...
        Aggregation Module...
        MLP Module...
        Finish!
    Epoch: 66
        Input Module...
        Aggregation Module...
        MLP Module...
        Finish!
    Epoch: 67
        Input Module...
        Aggregation Module...
        MLP Module...
        Finish!
    Epoch: 68
        Input Module...
        Aggregation Module...
        MLP Module...
        Finish!
    Epoch: 69
        Input Module...
        Aggregation Module...
        MLP Module...
        Finish!
    Epoch: 70
        Input Module...
        Aggregation Module...
        MLP Module...
        Finish!
    Epoch: 71
        Input Module...
        Aggregation Module...
        MLP Module...
        Finish!
    Epoch: 72
        Input Module...
        Aggregation Module...
        MLP Module...
        Finish!
    Epoch: 73
        Input Module...
        Aggregation Module...
        MLP Module...
        Finish!
    Epoch: 74
        Input Module...
        Aggregation Module...
        MLP Module...
        Finish!
    Epoch: 75
        Input Module...
        Aggregation Module...
        MLP Module...
        Finish!
    Epoch: 76
        Input Module...
        Aggregation Module...
        MLP Module...
        Finish!
    Epoch: 77
        Input Module...
        Aggregation Module...
        MLP Module...
        Finish!
    Epoch: 78
        Input Module...
        Aggregation Module...
        MLP Module...
        Finish!
    Epoch: 79
        Input Module...
        Aggregation Module...
        MLP Module...
        Finish!
    Epoch: 80
        Input Module...
        Aggregation Module...
        MLP Module...
        Finish!
    Epoch: 81
        Input Module...
        Aggregation Module...
        MLP Module...
        Finish!
    Epoch: 82
        Input Module...
        Aggregation Module...
        MLP Module...
        Finish!
    Epoch: 83
        Input Module...
        Aggregation Module...
        MLP Module...
        Finish!
    Epoch: 84
        Input Module...
        Aggregation Module...
        MLP Module...
        Finish!
    Epoch: 85
        Input Module...
        Aggregation Module...
        MLP Module...
        Finish!
    Epoch: 86
        Input Module...
        Aggregation Module...
        MLP Module...
        Finish!
    Epoch: 87
        Input Module...
        Aggregation Module...
        MLP Module...
        Finish!
    Epoch: 88
        Input Module...
        Aggregation Module...
        MLP Module...
        Finish!
    Epoch: 89
        Input Module...
        Aggregation Module...
        MLP Module...
        Finish!
    Epoch: 90
        Input Module...
        Aggregation Module...
        MLP Module...
        Finish!
    Epoch: 91
        Input Module...
        Aggregation Module...
        MLP Module...
        Finish!
    Epoch: 92
        Input Module...
        Aggregation Module...
        MLP Module...
        Finish!
    Epoch: 93
        Input Module...
        Aggregation Module...
        MLP Module...
        Finish!
    Epoch: 94
        Input Module...
        Aggregation Module...
        MLP Module...
        Finish!
    Epoch: 95
        Input Module...
        Aggregation Module...
        MLP Module...
        Finish!
    Epoch: 96
        Input Module...
        Aggregation Module...
        MLP Module...
        Finish!
    Epoch: 97
        Input Module...
        Aggregation Module...
        MLP Module...
        Finish!
    Epoch: 98
        Input Module...
        Aggregation Module...
        MLP Module...
        Finish!
    Epoch: 99
        Input Module...
        Aggregation Module...
        MLP Module...
        Finish!
    Epoch: 100
        Input Module...
        Aggregation Module...
        MLP Module...
        Finish!
              precision    recall  f1-score   support

         1.0       0.95      1.00      0.97        90
         2.0       1.00      0.94      0.97        90

    accuracy                           0.97       180
   macro avg       0.97      0.97      0.97       180
weighted avg       0.97      0.97      0.97       180


