Loading data...

Building classifier...

Training...

Predicting...
accuracy  0.6370238095238095
              precision    recall  f1-score   support

         1.0       0.75      0.84      0.79       700
         2.0       0.69      0.56      0.62       700
         3.0       0.37      0.32      0.35       700
         4.0       0.34      0.35      0.35       700
         5.0       0.34      0.34      0.34       700
         6.0       0.40      0.23      0.29       700
         7.0       0.53      0.83      0.65       700
         8.0       0.39      0.36      0.38       700
         9.0       0.30      0.21      0.25       700
        10.0       0.85      0.74      0.79       700
        11.0       0.70      0.66      0.68       700
        12.0       0.40      0.58      0.47       700
        13.0       0.62      0.65      0.63       700
        14.0       0.86      0.58      0.69       700
        15.0       0.69      0.79      0.74       700
        16.0       0.59      0.54      0.56       700
        17.0       0.79      0.88      0.83       700
        18.0       0.97      0.86      0.91       700
        19.0       0.67      0.51      0.58       700
        20.0       0.82      0.91      0.86       700
        21.0       0.77      0.86      0.81       700
        22.0       0.64      0.87      0.74       700
        23.0       0.93      0.80      0.86       700
        24.0       0.88      1.00      0.94       700

    accuracy                           0.64     16800
   macro avg       0.64      0.64      0.63     16800
weighted avg       0.64      0.64      0.63     16800

cost  8.919671297073364  second 

