Namespace(batch_size=16, bounding_norm=100, dataset_name='Lightning2', device='cuda:0', epochs=1000, lr=0.01, max_acc=0.0, momentum=0.9, num_pip=0.3, num_shapelet=0.2, processes=10, sep=1, sge=1, smoothing=0.1, threads=2, weight_decay=1e-05, window_size=10)
Dataset: Lightning2
Extracting shapelet candidate!
extracting time: 22.58223271369934
Shapelet discovery for window_size = 10
window_size: 10 - evaluating_time: 19.543198823928833
┏━━━━━━━━━━━━━━┳━━━━━━━╸T╺╸R╺╸A╺╸I╺╸N╺━━━━━━━┳━━━━━━━╸S╺╸T╺╸A╺╸T╺╸S╺━━━━━━━┳━━━━━━━╸V╺╸A╺╸L╺╸I╺╸D╺━━━━━━━┓
┃              ┃              ╷              ┃              ╷              ┃              ╷              ┃
┃       epoch  ┃        loss  │    accuracy  ┃        l.r.  │     elapsed  ┃        loss  │    accuracy  ┃
┠──────────────╂──────────────┼──────────────╂──────────────┼──────────────╂──────────────┼──────────────┨

┃           0  ┃      0.0461  │     53.12 %  ┃   1.000e-02  │   00:00 min  ┠┈█████████████▒┈┈┈┈┈┈┈┈┈┈┈┈┈┈┨      0.0114  │     52.46 %  ┃

┃           1  ┃      0.0418  │     65.62 %  ┃   1.000e-02  │   00:00 min  ┠┈█████████████▒┈┈┈┈┈┈┈┈┈┈┈┈┈┈┨      0.0126  │     54.10 %  ┃

┃           2  ┃      0.0451  │     59.38 %  ┃   1.000e-02  │   00:00 min  ┠┈█████████████▒┈┈┈┈┈┈┈┈┈┈┈┈┈┈┨      0.0111  │     55.74 %  ┃

┃           3  ┃      0.0408  │     62.50 %  ┃   1.000e-02  │   00:00 min  ┠┈█████████████▒┈┈┈┈┈┈┈┈┈┈┈┈┈┈┨      0.0114  │     59.02 %  ┃

┃           4  ┃      0.0417  │     62.50 %  ┃   1.000e-02  │   00:00 min  ┠┈█████████████▒┈┈┈┈┈┈┈┈┈┈┈┈┈┈┨      0.0111  │     60.66 %  ┃

┃           5  ┃      0.0407  │     65.62 %  ┃   1.000e-02  │   00:01 min  ┠┈█████████████▒┈┈┈┈┈┈┈┈┈┈┈┈┈┈┨      0.0107  │     63.93 %  ┃

┃           6  ┃      0.0397  │     68.75 %  ┃   1.000e-02  │   00:00 min  ┠┈█████████████▒┈┈┈┈┈┈┈┈┈┈┈┈┈┈┨      0.0110  │     63.93 %  ┃

┃           7  ┃      0.0406  │     68.75 %  ┃   1.000e-02  │   00:00 min  ┠┈█████████████▒┈┈┈┈┈┈┈┈┈┈┈┈┈┈┨      0.0105  │     67.21 %  ┃

┃           8  ┃      0.0391  │     75.00 %  ┃   1.000e-02  │   00:00 min  ┠┈█████████████▒┈┈┈┈┈┈┈┈┈┈┈┈┈┈┨      0.0107  │     67.21 %  ┃

┃           9  ┃      0.0397  │     71.88 %  ┃   1.000e-02  │   00:00 min  ┠┈█████████████▒┈┈┈┈┈┈┈┈┈┈┈┈┈┈┨      0.0104  │     67.21 %  ┃

┃          10  ┃      0.0390  │     75.00 %  ┃   1.000e-02  │   00:00 min  ┠┈█████████████▒┈┈┈┈┈┈┈┈┈┈┈┈┈┈┨      0.0104  │     68.85 %  ┃

┃          11  ┃      0.0389  │     75.00 %  ┃   1.000e-02  │   00:01 min  ┠┈█████████████▒┈┈┈┈┈┈┈┈┈┈┈┈┈┈┨      0.0104  │     68.85 %  ┃

┃          12  ┃      0.0390  │     75.00 %  ┃   1.000e-02  │   00:01 min  ┠┈█████████████▒┈┈┈┈┈┈┈┈┈┈┈┈┈┈┨      0.0102  │     72.13 %  ┃

┃          13  ┃      0.0385  │     75.00 %  ┃   1.000e-02  │   00:00 min  ┠┈█████████████▒┈┈┈┈┈┈┈┈┈┈┈┈┈┈┨      0.0103  │     72.13 %  ┃

┃          14  ┃      0.0388  │     75.00 %  ┃   1.000e-02  │   00:00 min  ┠┈█████████████▒┈┈┈┈┈┈┈┈┈┈┈┈┈┈┨      0.0102  │     72.13 %  ┃

┃          15  ┃      0.0385  │     75.00 %  ┃   1.000e-02  │   00:00 min  ┠┈█████████████▒┈┈┈┈┈┈┈┈┈┈┈┈┈┈┨      0.0102  │     72.13 %  ┃

┃          16  ┃      0.0386  │     75.00 %  ┃   1.000e-02  │   00:00 min  ┠┈█████████████▒┈┈┈┈┈┈┈┈┈┈┈┈┈┈┨      0.0102  │     72.13 %  ┃

┃          17  ┃      0.0386  │     75.00 %  ┃   1.000e-02  │   00:00 min  ┠┈█████████████▒┈┈┈┈┈┈┈┈┈┈┈┈┈┈┨      0.0102  │     72.13 %  ┃

┃          18  ┃      0.0385  │     78.12 %  ┃   1.000e-02  │   00:01 min  ┠┈█████████████▒┈┈┈┈┈┈┈┈┈┈┈┈┈┈┨      0.0102  │     72.13 %  ┃

┃          19  ┃      0.0386  │     78.12 %  ┃   1.000e-02  │   00:01 min  ┠┈█████████████▒┈┈┈┈┈┈┈┈┈┈┈┈┈┈┨      0.0102  │     70.49 %  ┃

┃          20  ┃      0.0385  │     78.12 %  ┃   1.000e-02  │   00:00 min  ┠┈█████████████▒┈┈┈┈┈┈┈┈┈┈┈┈┈┈┨      0.0102  │     70.49 %  ┃

┃          21  ┃      0.0385  │     78.12 %  ┃   1.000e-02  │   00:00 min  ┠┈█████████████▒┈┈┈┈┈┈┈┈┈┈┈┈┈┈┨      0.0102  │     68.85 %  ┃

┃          22  ┃      0.0385  │     78.12 %  ┃   1.000e-02  │   00:00 min  ┠┈█████████████▒┈┈┈┈┈┈┈┈┈┈┈┈┈┈┨      0.0102  │     68.85 %  ┃

┃          23  ┃      0.0385  │     78.12 %  ┃   1.000e-02  │   00:00 min  ┠┈█████████████▒┈┈┈┈┈┈┈┈┈┈┈┈┈┈┨      0.0102  │     68.85 %  ┃

┃          24  ┃      0.0385  │     78.12 %  ┃   1.000e-02  │   00:00 min  ┠┈█████████████▒┈┈┈┈┈┈┈┈┈┈┈┈┈┈┨      0.0102  │     68.85 %  ┃

┃          25  ┃      0.0384  │     78.12 %  ┃   1.000e-02  │   00:00 min  ┠┈█████████████▒┈┈┈┈┈┈┈┈┈┈┈┈┈┈┨      0.0102  │     68.85 %  ┃

┃          26  ┃      0.0384  │     78.12 %  ┃   1.000e-02  │   00:01 min  ┠┈█████████████▒┈┈┈┈┈┈┈┈┈┈┈┈┈┈┨      0.0102  │     68.85 %  ┃

┃          27  ┃      0.0384  │     78.12 %  ┃   1.000e-02  │   00:01 min  ┠┈█████████████▒┈┈┈┈┈┈┈┈┈┈┈┈┈┈┨      0.0102  │     68.85 %  ┃

┃          28  ┃      0.0384  │     78.12 %  ┃   1.000e-02  │   00:00 min  ┠┈█████████████▒┈┈┈┈┈┈┈┈┈┈┈┈┈┈┨      0.0102  │     68.85 %  ┃

┃          29  ┃      0.0384  │     78.12 %  ┃   1.000e-02  │   00:00 min  ┠┈█████████████▒┈┈┈┈┈┈┈┈┈┈┈┈┈┈┨      0.0102  │     68.85 %  ┃

┃          30  ┃      0.0383  │     78.12 %  ┃   1.000e-02  │   00:00 min  ┠┈█████████████▒┈┈┈┈┈┈┈┈┈┈┈┈┈┈┨      0.0102  │     68.85 %  ┃

┃          31  ┃      0.0383  │     78.12 %  ┃   1.000e-02  │   00:00 min  ┠┈█████████████▒┈┈┈┈┈┈┈┈┈┈┈┈┈┈┨      0.0102  │     68.85 %  ┃

┃          32  ┃      0.0383  │     78.12 %  ┃   1.000e-02  │   00:00 min  ┠┈█████████████▒┈┈┈┈┈┈┈┈┈┈┈┈┈┈┨      0.0102  │     68.85 %  ┃

┃          33  ┃      0.0383  │     78.12 %  ┃   1.000e-02  │   00:01 min  ┠┈█████████████▒┈┈┈┈┈┈┈┈┈┈┈┈┈┈┨      0.0102  │     68.85 %  ┃

┃          34  ┃      0.0383  │     78.12 %  ┃   1.000e-02  │   00:01 min  ┠┈█████████████▒┈┈┈┈┈┈┈┈┈┈┈┈┈┈┨      0.0103  │     68.85 %  ┃

┃          35  ┃      0.0382  │     78.12 %  ┃   1.000e-02  │   00:00 min  ┠┈█████████████▒┈┈┈┈┈┈┈┈┈┈┈┈┈┈┨      0.0103  │     72.13 %  ┃

┃          36  ┃      0.0382  │     78.12 %  ┃   1.000e-02  │   00:00 min  ┠┈█████████████▒┈┈┈┈┈┈┈┈┈┈┈┈┈┈┨      0.0103  │     72.13 %  ┃

┃          37  ┃      0.0382  │     78.12 %  ┃   1.000e-02  │   00:00 min  ┠┈█████████████▒┈┈┈┈┈┈┈┈┈┈┈┈┈┈┨      0.0103  │     72.13 %  ┃

┃          38  ┃      0.0382  │     78.12 %  ┃   1.000e-02  │   00:00 min  ┠┈█████████████▒┈┈┈┈┈┈┈┈┈┈┈┈┈┈┨      0.0103  │     72.13 %  ┃

┃          39  ┃      0.0381  │     78.12 %  ┃   1.000e-02  │   00:00 min  ┠┈█████████████▒┈┈┈┈┈┈┈┈┈┈┈┈┈┈┨      0.0103  │     72.13 %  ┃

┃          40  ┃      0.0381  │     78.12 %  ┃   1.000e-02  │   00:01 min  ┠┈█████████████▒┈┈┈┈┈┈┈┈┈┈┈┈┈┈┨      0.0103  │     72.13 %  ┃

┃          41  ┃      0.0381  │     78.12 %  ┃   1.000e-02  │   00:01 min  ┠┈█████████████▒┈┈┈┈┈┈┈┈┈┈┈┈┈┈┨      0.0103  │     72.13 %  ┃

┃          42  ┃      0.0381  │     78.12 %  ┃   1.000e-02  │   00:00 min  ┠┈█████████████▒┈┈┈┈┈┈┈┈┈┈┈┈┈┈┨      0.0103  │     72.13 %  ┃

┃          43  ┃      0.0381  │     78.12 %  ┃   1.000e-02  │   00:00 min  ┠┈█████████████▒┈┈┈┈┈┈┈┈┈┈┈┈┈┈┨      0.0103  │     72.13 %  ┃

┃          44  ┃      0.0380  │     78.12 %  ┃   1.000e-02  │   00:00 min  ┠┈█████████████▒┈┈┈┈┈┈┈┈┈┈┈┈┈┈┨      0.0103  │     72.13 %  ┃

┃          45  ┃      0.0380  │     78.12 %  ┃   1.000e-02  │   00:00 min  ┠┈█████████████▒┈┈┈┈┈┈┈┈┈┈┈┈┈┈┨      0.0103  │     72.13 %  ┃

┃          46  ┃      0.0380  │     78.12 %  ┃   1.000e-02  │   00:00 min  ┠┈█████████████▒┈┈┈┈┈┈┈┈┈┈┈┈┈┈┨      0.0103  │     72.13 %  ┃

┃          47  ┃      0.0379  │     78.12 %  ┃   1.000e-02  │   00:01 min  ┠┈█████████████▒┈┈┈┈┈┈┈┈┈┈┈┈┈┈┨      0.0103  │     72.13 %  ┃

┃          48  ┃      0.0379  │     78.12 %  ┃   1.000e-02  │   00:00 min  ┠┈█████████████▒┈┈┈┈┈┈┈┈┈┈┈┈┈┈┨      0.0103  │     72.13 %  ┃

┃          49  ┃      0.0379  │     78.12 %  ┃   1.000e-02  │   00:00 min  ┠┈█████████████▒┈┈┈┈┈┈┈┈┈┈┈┈┈┈┨      0.0103  │     72.13 %  ┃

┃          50  ┃      0.0379  │     78.12 %  ┃   1.000e-02  │   00:00 min  ┠┈█████████████▒┈┈┈┈┈┈┈┈┈┈┈┈┈┈┨      0.0104  │     72.13 %  ┃

┃          51  ┃      0.0378  │     78.12 %  ┃   1.000e-02  │   00:00 min  ┠┈█████████████▒┈┈┈┈┈┈┈┈┈┈┈┈┈┈┨      0.0104  │     72.13 %  ┃

┃          52  ┃      0.0378  │     78.12 %  ┃   1.000e-02  │   00:00 min  ┠┈█████████████▒┈┈┈┈┈┈┈┈┈┈┈┈┈┈┨      0.0104  │     72.13 %  ┃

┃          53  ┃      0.0378  │     78.12 %  ┃   1.000e-02  │   00:01 min  ┠┈█████████████▒┈┈┈┈┈┈┈┈┈┈┈┈┈┈┨      0.0104  │     72.13 %  ┃

┃          54  ┃      0.0378  │     78.12 %  ┃   1.000e-02  │   00:01 min  ┠┈█████████████▒┈┈┈┈┈┈┈┈┈┈┈┈┈┈┨      0.0104  │     72.13 %  ┃

┃          55  ┃      0.0377  │     78.12 %  ┃   1.000e-02  │   00:00 min  ┠┈█████████████▒┈┈┈┈┈┈┈┈┈┈┈┈┈┈┨      0.0104  │     72.13 %  ┃

┃          56  ┃      0.0377  │     78.12 %  ┃   1.000e-02  │   00:00 min  ┠┈█████████████▒┈┈┈┈┈┈┈┈┈┈┈┈┈┈┨      0.0104  │     72.13 %  ┃

┃          57  ┃      0.0377  │     78.12 %  ┃   1.000e-02  │   00:00 min  ┠┈█████████████▒┈┈┈┈┈┈┈┈┈┈┈┈┈┈┨      0.0104  │     72.13 %  ┃

┃          58  ┃      0.0376  │     78.12 %  ┃   1.000e-02  │   00:00 min  ┠┈█████████████▒┈┈┈┈┈┈┈┈┈┈┈┈┈┈┨      0.0104  │     70.49 %  ┃

┃          59  ┃      0.0376  │     78.12 %  ┃   1.000e-02  │   00:01 min  ┠┈█████████████▒┈┈┈┈┈┈┈┈┈┈┈┈┈┈┨      0.0104  │     70.49 %  ┃

┃          60  ┃      0.0376  │     78.12 %  ┃   1.000e-02  │   00:01 min  ┠┈█████████████▒┈┈┈┈┈┈┈┈┈┈┈┈┈┈┨      0.0104  │     70.49 %  ┃

┃          61  ┃      0.0375  │     78.12 %  ┃   1.000e-02  │   00:00 min  ┠┈█████████████▒┈┈┈┈┈┈┈┈┈┈┈┈┈┈┨      0.0104  │     70.49 %  ┃

┃          62  ┃      0.0375  │     78.12 %  ┃   1.000e-02  │   00:00 min  ┠┈█████████████▒┈┈┈┈┈┈┈┈┈┈┈┈┈┈┨      0.0104  │     70.49 %  ┃

┃          63  ┃      0.0374  │     78.12 %  ┃   1.000e-02  │   00:00 min  ┠┈█████████████▒┈┈┈┈┈┈┈┈┈┈┈┈┈┈┨      0.0104  │     70.49 %  ┃

┃          64  ┃      0.0374  │     78.12 %  ┃   1.000e-02  │   00:00 min  ┠┈█████████████▒┈┈┈┈┈┈┈┈┈┈┈┈┈┈┨      0.0104  │     70.49 %  ┃

┃          65  ┃      0.0374  │     78.12 %  ┃   1.000e-02  │   00:00 min  ┠┈█████████████▒┈┈┈┈┈┈┈┈┈┈┈┈┈┈┨      0.0104  │     70.49 %  ┃

┃          66  ┃      0.0373  │     78.12 %  ┃   1.000e-02  │   00:00 min  ┠┈█████████████▒┈┈┈┈┈┈┈┈┈┈┈┈┈┈┨      0.0105  │     70.49 %  ┃

┃          67  ┃      0.0373  │     78.12 %  ┃   1.000e-02  │   00:01 min  ┠┈█████████████▒┈┈┈┈┈┈┈┈┈┈┈┈┈┈┨      0.0105  │     70.49 %  ┃

┃          68  ┃      0.0373  │     78.12 %  ┃   1.000e-02  │   00:00 min  ┠┈█████████████▒┈┈┈┈┈┈┈┈┈┈┈┈┈┈┨      0.0105  │     70.49 %  ┃

┃          69  ┃      0.0372  │     78.12 %  ┃   1.000e-02  │   00:00 min  ┠┈█████████████▒┈┈┈┈┈┈┈┈┈┈┈┈┈┈┨      0.0105  │     70.49 %  ┃

┃          70  ┃      0.0372  │     78.12 %  ┃   1.000e-02  │   00:00 min  ┠┈█████████████▒┈┈┈┈┈┈┈┈┈┈┈┈┈┈┨      0.0105  │     70.49 %  ┃

┃          71  ┃      0.0371  │     78.12 %  ┃   1.000e-02  │   00:00 min  ┠┈█████████████▒┈┈┈┈┈┈┈┈┈┈┈┈┈┈┨      0.0105  │     70.49 %  ┃

┃          72  ┃      0.0371  │     78.12 %  ┃   1.000e-02  │   00:00 min  ┠┈█████████████▒┈┈┈┈┈┈┈┈┈┈┈┈┈┈┨      0.0105  │     70.49 %  ┃

┃          73  ┃      0.0371  │     78.12 %  ┃   1.000e-02  │   00:00 min  ┠┈█████████████▒┈┈┈┈┈┈┈┈┈┈┈┈┈┈┨      0.0105  │     70.49 %  ┃

┃          74  ┃      0.0370  │     78.12 %  ┃   1.000e-02  │   00:01 min  ┠┈█████████████▒┈┈┈┈┈┈┈┈┈┈┈┈┈┈┨      0.0105  │     70.49 %  ┃

┃          75  ┃      0.0370  │     78.12 %  ┃   1.000e-02  │   00:01 min  ┠┈█████████████▒┈┈┈┈┈┈┈┈┈┈┈┈┈┈┨      0.0105  │     70.49 %  ┃

┃          76  ┃      0.0369  │     78.12 %  ┃   1.000e-02  │   00:00 min  ┠┈█████████████▒┈┈┈┈┈┈┈┈┈┈┈┈┈┈┨      0.0105  │     70.49 %  ┃

┃          77  ┃      0.0369  │     78.12 %  ┃   1.000e-02  │   00:00 min  ┠┈█████████████▒┈┈┈┈┈┈┈┈┈┈┈┈┈┈┨      0.0105  │     70.49 %  ┃

┃          78  ┃      0.0368  │     78.12 %  ┃   1.000e-02  │   00:00 min  ┠┈█████████████▒┈┈┈┈┈┈┈┈┈┈┈┈┈┈┨      0.0105  │     70.49 %  ┃

┃          79  ┃      0.0368  │     78.12 %  ┃   1.000e-02  │   00:00 min  ┠┈█████████████▒┈┈┈┈┈┈┈┈┈┈┈┈┈┈┨      0.0105  │     70.49 %  ┃

┃          80  ┃      0.0367  │     78.12 %  ┃   1.000e-02  │   00:00 min  ┠┈█████████████▒┈┈┈┈┈┈┈┈┈┈┈┈┈┈┨      0.0105  │     70.49 %  ┃

┃          81  ┃      0.0367  │     78.12 %  ┃   1.000e-02  │   00:01 min  ┠┈█████████████▒┈┈┈┈┈┈┈┈┈┈┈┈┈┈┨      0.0105  │     70.49 %  ┃

┃          82  ┃      0.0366  │     78.12 %  ┃   1.000e-02  │   00:01 min  ┠┈█████████████▒┈┈┈┈┈┈┈┈┈┈┈┈┈┈┨      0.0106  │     70.49 %  ┃

┃          83  ┃      0.0366  │     78.12 %  ┃   1.000e-02  │   00:00 min  ┠┈█████████████▒┈┈┈┈┈┈┈┈┈┈┈┈┈┈┨      0.0106  │     70.49 %  ┃

┃          84  ┃      0.0365  │     78.12 %  ┃   1.000e-02  │   00:00 min  ┠┈█████████████▒┈┈┈┈┈┈┈┈┈┈┈┈┈┈┨      0.0106  │     70.49 %  ┃

┃          85  ┃      0.0365  │     78.12 %  ┃   1.000e-02  │   00:00 min  ┠┈█████████████▒┈┈┈┈┈┈┈┈┈┈┈┈┈┈┨      0.0106  │     70.49 %  ┃

┃          86  ┃      0.0364  │     78.12 %  ┃   1.000e-02  │   00:00 min  ┠┈█████████████▒┈┈┈┈┈┈┈┈┈┈┈┈┈┈┨      0.0106  │     70.49 %  ┃

┃          87  ┃      0.0364  │     78.12 %  ┃   1.000e-02  │   00:01 min  ┠┈█████████████▒┈┈┈┈┈┈┈┈┈┈┈┈┈┈┨      0.0106  │     70.49 %  ┃

┃          88  ┃      0.0363  │     78.12 %  ┃   1.000e-02  │   00:01 min  ┠┈█████████████▒┈┈┈┈┈┈┈┈┈┈┈┈┈┈┨      0.0106  │     70.49 %  ┃

┃          89  ┃      0.0362  │     78.12 %  ┃   1.000e-02  │   00:00 min  ┠┈█████████████▒┈┈┈┈┈┈┈┈┈┈┈┈┈┈┨      0.0106  │     70.49 %  ┃

┃          90  ┃      0.0362  │     78.12 %  ┃   1.000e-02  │   00:00 min  ┠┈█████████████▒┈┈┈┈┈┈┈┈┈┈┈┈┈┈┨      0.0106  │     70.49 %  ┃

┃          91  ┃      0.0361  │     78.12 %  ┃   1.000e-02  │   00:00 min  ┠┈█████████████▒┈┈┈┈┈┈┈┈┈┈┈┈┈┈┨      0.0107  │     70.49 %  ┃

┃          92  ┃      0.0361  │     78.12 %  ┃   1.000e-02  │   00:00 min  ┠┈█████████████▒┈┈┈┈┈┈┈┈┈┈┈┈┈┈┨      0.0107  │     70.49 %  ┃

┃          93  ┃      0.0360  │     78.12 %  ┃   1.000e-02  │   00:00 min  ┠┈█████████████▒┈┈┈┈┈┈┈┈┈┈┈┈┈┈┨      0.0107  │     70.49 %  ┃

┃          94  ┃      0.0360  │     78.12 %  ┃   1.000e-02  │   00:01 min  ┠┈█████████████▒┈┈┈┈┈┈┈┈┈┈┈┈┈┈┨      0.0107  │     72.13 %  ┃

┃          95  ┃      0.0359  │     78.12 %  ┃   1.000e-02  │   00:00 min  ┠┈█████████████▒┈┈┈┈┈┈┈┈┈┈┈┈┈┈┨      0.0107  │     72.13 %  ┃

┃          96  ┃      0.0358  │     78.12 %  ┃   1.000e-02  │   00:00 min  ┠┈█████████████▒┈┈┈┈┈┈┈┈┈┈┈┈┈┈┨      0.0107  │     70.49 %  ┃

┃          97  ┃      0.0358  │     78.12 %  ┃   1.000e-02  │   00:00 min  ┠┈█████████████▒┈┈┈┈┈┈┈┈┈┈┈┈┈┈┨      0.0107  │     70.49 %  ┃

┃          98  ┃      0.0357  │     78.12 %  ┃   1.000e-02  │   00:00 min  ┠┈█████████████▒┈┈┈┈┈┈┈┈┈┈┈┈┈┈┨      0.0108  │     70.49 %  ┃

┃          99  ┃      0.0357  │     78.12 %  ┃   1.000e-02  │   00:00 min  ┠┈█████████████▒┈┈┈┈┈┈┈┈┈┈┈┈┈┈┨      0.0108  │     70.49 %  ┃

┃         100  ┃      0.0356  │     78.12 %  ┃   1.000e-02  │   00:01 min  ┠┈█████████████▒┈┈┈┈┈┈┈┈┈┈┈┈┈┈┨      0.0108  │     70.49 %  ┃

